<?xml version="1.0" encoding="UTF-8"?>
<testsuite name="com.cflint.TestCFBugs_ComponentNames" time="2.593" tests="20" errors="0" skipped="0" failures="0">
  <properties>
    <property name="java.runtime.name" value="Java(TM) SE Runtime Environment"/>
    <property name="java.vm.version" value="17+35-LTS-2724"/>
    <property name="sun.boot.library.path" value="/Library/Java/JavaVirtualMachines/jdk-17.jdk/Contents/Home/lib"/>
    <property name="maven.multiModuleProjectDirectory" value="/Users/coleman/desktop/cflint"/>
    <property name="java.vm.vendor" value="Oracle Corporation"/>
    <property name="java.vendor.url" value="https://java.oracle.com/"/>
    <property name="guice.disable.misplaced.annotation.check" value="true"/>
    <property name="path.separator" value=":"/>
    <property name="java.vm.name" value="Java HotSpot(TM) 64-Bit Server VM"/>
    <property name="user.country" value="US"/>
    <property name="sun.java.launcher" value="SUN_STANDARD"/>
    <property name="java.vm.specification.name" value="Java Virtual Machine Specification"/>
    <property name="user.dir" value="/Users/coleman/Desktop/cflint"/>
    <property name="java.vm.compressedOopsMode" value="Zero based"/>
    <property name="java.runtime.version" value="17+35-LTS-2724"/>
    <property name="os.arch" value="x86_64"/>
    <property name="java.io.tmpdir" value="/var/folders/ww/5jzcq1017yj3jkxk6fjbdbch0000gn/T/"/>
    <property name="line.separator" value="&#10;"/>
    <property name="java.vm.specification.vendor" value="Oracle Corporation"/>
    <property name="os.name" value="Mac OS X"/>
    <property name="classworlds.conf" value="/opt/apache-maven-3.8.4/bin/m2.conf"/>
    <property name="sun.jnu.encoding" value="UTF-8"/>
    <property name="java.library.path" value="/Users/coleman/Library/Java/Extensions:/Library/Java/Extensions:/Network/Library/Java/Extensions:/System/Library/Java/Extensions:/usr/lib/java:."/>
    <property name="maven.conf" value="/opt/apache-maven-3.8.4/conf"/>
    <property name="jdk.debug" value="release"/>
    <property name="java.class.version" value="61.0"/>
    <property name="java.specification.name" value="Java Platform API Specification"/>
    <property name="sun.management.compiler" value="HotSpot 64-Bit Tiered Compilers"/>
    <property name="os.version" value="11.6.4"/>
    <property name="library.jansi.path" value="/opt/apache-maven-3.8.4/lib/jansi-native"/>
    <property name="http.nonProxyHosts" value="local|*.local|169.254/16|*.169.254/16"/>
    <property name="user.home" value="/Users/coleman"/>
    <property name="user.timezone" value="America/New_York"/>
    <property name="file.encoding" value="UTF-8"/>
    <property name="java.specification.version" value="17"/>
    <property name="user.name" value="coleman"/>
    <property name="java.class.path" value="/opt/apache-maven-3.8.4/boot/plexus-classworlds-2.6.0.jar"/>
    <property name="org.slf4j.simpleLogger.defaultLogLevel" value="debug"/>
    <property name="java.vm.specification.version" value="17"/>
    <property name="sun.arch.data.model" value="64"/>
    <property name="sun.java.command" value="org.codehaus.plexus.classworlds.launcher.Launcher clean install -X"/>
    <property name="java.home" value="/Library/Java/JavaVirtualMachines/jdk-17.jdk/Contents/Home"/>
    <property name="user.language" value="en"/>
    <property name="java.specification.vendor" value="Oracle Corporation"/>
    <property name="java.vm.info" value="mixed mode, sharing"/>
    <property name="java.version" value="17"/>
    <property name="native.encoding" value="UTF-8"/>
    <property name="java.vendor" value="Oracle Corporation"/>
    <property name="sun.stderr.encoding" value="UTF-8"/>
    <property name="maven.home" value="/opt/apache-maven-3.8.4"/>
    <property name="file.separator" value="/"/>
    <property name="java.version.date" value="2021-09-14"/>
    <property name="java.vendor.url.bug" value="https://bugreport.java.com/bugreport/"/>
    <property name="sun.io.unicode.encoding" value="UnicodeBig"/>
    <property name="sun.cpu.endian" value="little"/>
    <property name="sun.stdout.encoding" value="UTF-8"/>
    <property name="socksNonProxyHosts" value="local|*.local|169.254/16|*.169.254/16"/>
    <property name="ftp.nonProxyHosts" value="local|*.local|169.254/16|*.169.254/16"/>
  </properties>
  <testcase name="nameEndsInNumberScript" classname="com.cflint.TestCFBugs_ComponentNames" time="0.217"/>
  <testcase name="testValidNamesTag" classname="com.cflint.TestCFBugs_ComponentNames" time="0.223"/>
  <testcase name="nameHasPrefixOrPostfixScript" classname="com.cflint.TestCFBugs_ComponentNames" time="0.184"/>
  <testcase name="nameTooShortTag" classname="com.cflint.TestCFBugs_ComponentNames" time="0.159"/>
  <testcase name="invalidCharsInNameScript" classname="com.cflint.TestCFBugs_ComponentNames" time="0.144"/>
  <testcase name="nameTooWordyTag" classname="com.cflint.TestCFBugs_ComponentNames" time="0.134"/>
  <testcase name="nameHasPrefixOrPostfixTag" classname="com.cflint.TestCFBugs_ComponentNames" time="0.123"/>
  <testcase name="testUpercaseNameTag" classname="com.cflint.TestCFBugs_ComponentNames" time="0.097"/>
  <testcase name="testLowercaseNameTag" classname="com.cflint.TestCFBugs_ComponentNames" time="0.115"/>
  <testcase name="testUpercaseNameScript" classname="com.cflint.TestCFBugs_ComponentNames" time="0.134"/>
  <testcase name="nameTooLongScript" classname="com.cflint.TestCFBugs_ComponentNames" time="0.147"/>
  <testcase name="nameIsTemporyScript" classname="com.cflint.TestCFBugs_ComponentNames" time="0.125"/>
  <testcase name="nameTooShortScript" classname="com.cflint.TestCFBugs_ComponentNames" time="0.101"/>
  <testcase name="nameTooWordyScript" classname="com.cflint.TestCFBugs_ComponentNames" time="0.08"/>
  <testcase name="nameIsTemporyTag" classname="com.cflint.TestCFBugs_ComponentNames" time="0.096"/>
  <testcase name="testValidNamesScript" classname="com.cflint.TestCFBugs_ComponentNames" time="0.102"/>
  <testcase name="invalidCharsInNameTag" classname="com.cflint.TestCFBugs_ComponentNames" time="0.123"/>
  <testcase name="testLowercaseNameScript" classname="com.cflint.TestCFBugs_ComponentNames" time="0.11"/>
  <testcase name="nameEndsInNumberTag" classname="com.cflint.TestCFBugs_ComponentNames" time="0.093"/>
  <testcase name="nameTooLongTag" classname="com.cflint.TestCFBugs_ComponentNames" time="0.086"/>
</testsuite>